Watching for file changes with StatReloader
Waiting for apps ready_event.
Apps ready_event triggered. Sending autoreload_started signal.
Watching dir C:\Users\USER\Desktop\PORTPROJECT\myproject\myapp\templates with glob **/*.
Watching dir C:\Users\USER\Desktop\PORTPROJECT\myproject\locale with glob **/*.mo.
Watching dir C:\Users\USER\Desktop\PORTPROJECT\myproject\myapp\locale with glob **/*.mo.
File C:\Users\USER\AppData\Local\Programs\Python\Python312\Lib\bisect.py first seen with mtime 1707286218.0
File C:\Users\USER\AppData\Local\Programs\Python\Python312\Lib\asyncio\runners.py first seen with mtime 1707286218.0
File C:\Users\USER\AppData\Local\Programs\Python\Python312\Lib\threading.py first seen with mtime 1707286218.0
File C:\Users\USER\AppData\Local\Programs\Python\Python312\Lib\site-packages\django\utils\lorem_ipsum.py first seen with mtime 1734730642.0590434
File C:\Users\USER\AppData\Local\Programs\Python\Python312\Lib\collections\abc.py first seen with mtime 1707286218.0
File C:\Users\USER\AppData\Local\Programs\Python\Python312\Lib\site-packages\django\contrib\admin\__init__.py first seen with mtime 1734730634.3548684
File C:\Users\USER\AppData\Local\Programs\Python\Python312\Lib\site-packages\django\contrib\messages\storage\__init__.py first seen with mtime 1734730640.423622
File C:\Users\USER\AppData\Local\Programs\Python\Python312\Lib\decimal.py first seen with mtime 1707286218.0
File C:\Users\USER\AppData\Local\Programs\Python\Python312\Lib\site-packages\django\contrib\contenttypes\forms.py first seen with mtime 1734730635.8207805
File C:\Users\USER\AppData\Local\Programs\Python\Python312\Lib\site-packages\django\db\models\functions\text.py first seen with mtime 1734730641.839257
File C:\Users\USER\AppData\Local\Programs\Python\Python312\DLLs\select.pyd first seen with mtime 1707286252.0
File C:\Users\USER\AppData\Local\Programs\Python\Python312\Lib\site-packages\django\contrib\contenttypes\fields.py first seen with mtime 1734730635.818785
File C:\Users\USER\AppData\Local\Programs\Python\Python312\Lib\site-packages\django\db\migrations\operations\fields.py first seen with mtime 1734730641.7923226
File C:\Users\USER\AppData\Local\Programs\Python\Python312\Lib\site-packages\django\contrib\sites\shortcuts.py first seen with mtime 1734730641.2998824
File C:\Users\USER\AppData\Local\Programs\Python\Python312\Lib\asyncio\proactor_events.py first seen with mtime 1707286218.0
File C:\Users\USER\AppData\Local\Programs\Python\Python312\Lib\site-packages\django\db\backends\utils.py first seen with mtime 1734730641.718642
File C:\Users\USER\AppData\Local\Programs\Python\Python312\Lib\site-packages\django\contrib\contenttypes\models.py first seen with mtime 1734730635.8217778
File C:\Users\USER\AppData\Local\Programs\Python\Python312\Lib\queue.py first seen with mtime 1707286218.0
File C:\Users\USER\AppData\Local\Programs\Python\Python312\Lib\site-packages\PIL\_typing.py first seen with mtime 1735389159.780241
File C:\Users\USER\AppData\Local\Programs\Python\Python312\Lib\site-packages\django\contrib\admin\templatetags\base.py first seen with mtime 1734730635.1537166
File C:\Users\USER\AppData\Local\Programs\Python\Python312\Lib\site-packages\PIL\_binary.py first seen with mtime 1735389159.7074337
File C:\Users\USER\AppData\Local\Programs\Python\Python312\Lib\locale.py first seen with mtime 1707286218.0
File C:\Users\USER\AppData\Local\Programs\Python\Python312\Lib\site-packages\django\db\migrations\operations\special.py first seen with mtime 1734730641.7959397
File C:\Users\USER\AppData\Local\Programs\Python\Python312\Lib\contextvars.py first seen with mtime 1707286218.0
File C:\Users\USER\AppData\Local\Programs\Python\Python312\Lib\site-packages\django\core\handlers\wsgi.py first seen with mtime 1734730641.6504169
File C:\Users\USER\AppData\Local\Programs\Python\Python312\Lib\string.py first seen with mtime 1707286218.0
File C:\Users\USER\AppData\Local\Programs\Python\Python312\Lib\site-packages\django\db\models\fields\json.py first seen with mtime 1734730641.8236098
File C:\Users\USER\AppData\Local\Programs\Python\Python312\Lib\site-packages\django\utils\text.py first seen with mtime 1734730642.0667193
File C:\Users\USER\AppData\Local\Programs\Python\Python312\Lib\collections\__init__.py first seen with mtime 1707286218.0
File C:\Users\USER\AppData\Local\Programs\Python\Python312\Lib\email\mime\base.py first seen with mtime 1707286218.0
File C:\Users\USER\AppData\Local\Programs\Python\Python312\Lib\dis.py first seen with mtime 1707286218.0
File C:\Users\USER\AppData\Local\Programs\Python\Python312\Lib\site-packages\django\contrib\admin\actions.py first seen with mtime 1734730634.3558657
File C:\Users\USER\AppData\Local\Programs\Python\Python312\Lib\site-packages\django\contrib\admin\utils.py first seen with mtime 1734730634.369177
File C:\Users\USER\AppData\Local\Programs\Python\Python312\Lib\site-packages\django\utils\encoding.py first seen with mtime 1734730642.0470085
File C:\Users\USER\AppData\Local\Programs\Python\Python312\Lib\encodings\cp1252.py first seen with mtime 1707286218.0
File C:\Users\USER\AppData\Local\Programs\Python\Python312\Lib\html\__init__.py first seen with mtime 1707286218.0
File C:\Users\USER\AppData\Local\Programs\Python\Python312\Lib\site-packages\django\template\backends\__init__.py first seen with mtime 1734730641.9893353
File C:\Users\USER\AppData\Local\Programs\Python\Python312\Lib\asyncio\windows_events.py first seen with mtime 1707286218.0
File C:\Users\USER\AppData\Local\Programs\Python\Python312\Lib\site-packages\django\template\autoreload.py first seen with mtime 1734730641.9736536
File C:\Users\USER\AppData\Local\Programs\Python\Python312\Lib\site-packages\django\templatetags\__init__.py first seen with mtime 1734730642.0030088
File C:\Users\USER\AppData\Local\Programs\Python\Python312\Lib\site-packages\PIL\_version.py first seen with mtime 1735389159.7832334
File C:\Users\USER\AppData\Local\Programs\Python\Python312\Lib\asyncio\locks.py first seen with mtime 1707286218.0
File C:\Users\USER\AppData\Local\Programs\Python\Python312\Lib\json\decoder.py first seen with mtime 1707286218.0
File C:\Users\USER\AppData\Local\Programs\Python\Python312\Lib\site-packages\django\db\models\query_utils.py first seen with mtime 1734730641.8166282
File C:\Users\USER\AppData\Local\Programs\Python\Python312\Lib\sysconfig.py first seen with mtime 1707286218.0
File C:\Users\USER\AppData\Local\Programs\Python\Python312\Lib\urllib\parse.py first seen with mtime 1707286218.0
File C:\Users\USER\AppData\Local\Programs\Python\Python312\Lib\site-packages\django\template\loaders\app_directories.py first seen with mtime 1734730641.9980216
File C:\Users\USER\AppData\Local\Programs\Python\Python312\Lib\copy.py first seen with mtime 1707286218.0
File C:\Users\USER\AppData\Local\Programs\Python\Python312\Lib\concurrent\futures\thread.py first seen with mtime 1707286218.0
File C:\Users\USER\AppData\Local\Programs\Python\Python312\Lib\site-packages\django\contrib\contenttypes\views.py first seen with mtime 1734730635.8237734
File C:\Users\USER\AppData\Local\Programs\Python\Python312\Lib\site-packages\django\contrib\admin\views\autocomplete.py first seen with mtime 1734730635.155711
File C:\Users\USER\AppData\Local\Programs\Python\Python312\Lib\site-packages\django\core\handlers\asgi.py first seen with mtime 1734730641.646427
File C:\Users\USER\AppData\Local\Programs\Python\Python312\Lib\re\_casefix.py first seen with mtime 1707286218.0
File C:\Users\USER\AppData\Local\Programs\Python\Python312\Lib\site-packages\django\contrib\staticfiles\management\commands\runserver.py first seen with mtime 1734730641.5862324
File C:\Users\USER\AppData\Local\Programs\Python\Python312\Lib\site-packages\django\db\models\constraints.py first seen with mtime 1734730641.8039181
File C:\Users\USER\AppData\Local\Programs\Python\Python312\Lib\site-packages\django\forms\fields.py first seen with mtime 1734730641.856209
File C:\Users\USER\AppData\Local\Programs\Python\Python312\Lib\re\_compiler.py first seen with mtime 1707286218.0
File C:\Users\USER\AppData\Local\Programs\Python\Python312\Lib\site-packages\django\contrib\staticfiles\handlers.py first seen with mtime 1734730641.5735488
File C:\Users\USER\AppData\Local\Programs\Python\Python312\DLLs\_bz2.pyd first seen with mtime 1707286252.0
File C:\Users\USER\AppData\Local\Programs\Python\Python312\Lib\site-packages\django\core\files\temp.py first seen with mtime 1734730641.6342149
File C:\Users\USER\AppData\Local\Programs\Python\Python312\Lib\site-packages\django\contrib\auth\signals.py first seen with mtime 1734730635.4861362
File C:\Users\USER\AppData\Local\Programs\Python\Python312\Lib\site-packages\django\core\files\storage\handler.py first seen with mtime 1734730641.6411965
File C:\Users\USER\AppData\Local\Programs\Python\Python312\Lib\email\charset.py first seen with mtime 1707286218.0
File C:\Users\USER\AppData\Local\Programs\Python\Python312\Lib\quopri.py first seen with mtime 1707286218.0
File C:\Users\USER\AppData\Local\Programs\Python\Python312\Lib\site-packages\django\db\backends\base\schema.py first seen with mtime 1734730641.7266223
File C:\Users\USER\AppData\Local\Programs\Python\Python312\Lib\site-packages\django\db\migrations\state.py first seen with mtime 1734730641.787339
File C:\Users\USER\AppData\Local\Programs\Python\Python312\Lib\site-packages\django\db\models\functions\comparison.py first seen with mtime 1734730641.8342712
File C:\Users\USER\AppData\Local\Programs\Python\Python312\Lib\asyncio\format_helpers.py first seen with mtime 1707286218.0
File C:\Users\USER\AppData\Local\Programs\Python\Python312\Lib\site-packages\django\db\models\sql\where.py first seen with mtime 1734730641.8492272
File C:\Users\USER\AppData\Local\Programs\Python\Python312\DLLs\_lzma.pyd first seen with mtime 1707286252.0
File C:\Users\USER\AppData\Local\Programs\Python\Python312\DLLs\_queue.pyd first seen with mtime 1707286250.0
File C:\Users\USER\AppData\Local\Programs\Python\Python312\Lib\site-packages\django\contrib\admin\models.py first seen with mtime 1734730634.3651872
File C:\Users\USER\AppData\Local\Programs\Python\Python312\Lib\asyncio\protocols.py first seen with mtime 1707286218.0
File C:\Users\USER\AppData\Local\Programs\Python\Python312\Lib\site-packages\django\conf\locale\__init__.py first seen with mtime 1734730633.8504703
File C:\Users\USER\AppData\Local\Programs\Python\Python312\Lib\site-packages\django\utils\connection.py first seen with mtime 1734730642.0373113
File C:\Users\USER\AppData\Local\Programs\Python\Python312\Lib\site-packages\django\db\transaction.py first seen with mtime 1734730641.712658
File C:\Users\USER\AppData\Local\Programs\Python\Python312\Lib\site-packages\django\template\loaders\cached.py first seen with mtime 1734730642.0000165
File C:\Users\USER\AppData\Local\Programs\Python\Python312\Lib\site-packages\sqlparse\filters\reindent.py first seen with mtime 1734730632.5982447
File C:\Users\USER\AppData\Local\Programs\Python\Python312\Lib\site-packages\django\contrib\sessions\backends\__init__.py first seen with mtime 1734730640.9851298
File C:\Users\USER\AppData\Local\Programs\Python\Python312\Lib\site-packages\django\core\handlers\base.py first seen with mtime 1734730641.6474235
File C:\Users\USER\AppData\Local\Programs\Python\Python312\Lib\site-packages\django\core\files\__init__.py first seen with mtime 1734730641.629228
File C:\Users\USER\AppData\Local\Programs\Python\Python312\Lib\site-packages\django\db\utils.py first seen with mtime 1734730641.713657
File C:\Users\USER\AppData\Local\Programs\Python\Python312\DLLs\_ctypes.pyd first seen with mtime 1707286254.0
File C:\Users\USER\AppData\Local\Programs\Python\Python312\Lib\getpass.py first seen with mtime 1707286218.0
File C:\Users\USER\AppData\Local\Programs\Python\Python312\Lib\_compression.py first seen with mtime 1707286218.0
File C:\Users\USER\AppData\Local\Programs\Python\Python312\Lib\site-packages\django\core\files\move.py first seen with mtime 1734730641.6332169
File C:\Users\USER\AppData\Local\Programs\Python\Python312\Lib\site-packages\django\db\models\enums.py first seen with mtime 1734730641.805913
File C:\Users\USER\AppData\Local\Programs\Python\Python312\Lib\selectors.py first seen with mtime 1707286218.0
File C:\Users\USER\AppData\Local\Programs\Python\Python312\Lib\datetime.py first seen with mtime 1707286218.0
File C:\Users\USER\AppData\Local\Programs\Python\Python312\Lib\logging\config.py first seen with mtime 1707286218.0
File C:\Users\USER\AppData\Local\Programs\Python\Python312\Lib\site-packages\django\db\backends\base\introspection.py first seen with mtime 1734730641.7246277
File C:\Users\USER\AppData\Local\Programs\Python\Python312\Lib\zoneinfo\_tzpath.py first seen with mtime 1707286218.0
File C:\Users\USER\AppData\Local\Programs\Python\Python312\Lib\email\generator.py first seen with mtime 1707286218.0
File C:\Users\USER\AppData\Local\Programs\Python\Python312\Lib\site-packages\django\contrib\admin\decorators.py first seen with mtime 1734730634.3588934
File C:\Users\USER\AppData\Local\Programs\Python\Python312\Lib\site-packages\django\utils\translation\trans_real.py first seen with mtime 1734730642.0793827
File C:\Users\USER\AppData\Local\Programs\Python\Python312\Lib\site-packages\django\apps\config.py first seen with mtime 1734730633.8377545
File C:\Users\USER\AppData\Local\Programs\Python\Python312\Lib\site-packages\django\contrib\messages\storage\base.py first seen with mtime 1734730640.4246192
File C:\Users\USER\AppData\Local\Programs\Python\Python312\Lib\site-packages\django\urls\conf.py first seen with mtime 1734730642.0226738
File C:\Users\USER\AppData\Local\Programs\Python\Python312\Lib\site-packages\PIL\_deprecate.py first seen with mtime 1735389159.7094278
File C:\Users\USER\AppData\Local\Programs\Python\Python312\DLLs\_uuid.pyd first seen with mtime 1707286250.0
File C:\Users\USER\AppData\Local\Programs\Python\Python312\Lib\email\mime\nonmultipart.py first seen with mtime 1707286218.0
File C:\Users\USER\AppData\Local\Programs\Python\Python312\Lib\asyncio\log.py first seen with mtime 1707286218.0
File C:\Users\USER\AppData\Local\Programs\Python\Python312\Lib\site-packages\django\db\backends\sqlite3\schema.py first seen with mtime 1734730641.7736316
File C:\Users\USER\AppData\Local\Programs\Python\Python312\Lib\asyncio\streams.py first seen with mtime 1707286218.0
File C:\Users\USER\AppData\Local\Programs\Python\Python312\Lib\site-packages\django\contrib\admin\views\main.py first seen with mtime 1734730635.1587033
File C:\Users\USER\AppData\Local\Programs\Python\Python312\Lib\site-packages\django\views\decorators\cache.py first seen with mtime 1734730642.0893571
File C:\Users\USER\AppData\Local\Programs\Python\Python312\Lib\site-packages\django\core\management\color.py first seen with mtime 1734730641.6645844
File C:\Users\USER\AppData\Local\Programs\Python\Python312\Lib\site-packages\django\core\files\utils.py first seen with mtime 1734730641.6372063
File C:\Users\USER\AppData\Local\Programs\Python\Python312\Lib\site-packages\django\db\backends\sqlite3\introspection.py first seen with mtime 1734730641.7716372
File C:\Users\USER\AppData\Local\Programs\Python\Python312\Lib\site-packages\django\db\models\fields\__init__.py first seen with mtime 1734730641.8206174
File C:\Users\USER\AppData\Local\Programs\Python\Python312\Lib\ipaddress.py first seen with mtime 1707286218.0
File C:\Users\USER\AppData\Local\Programs\Python\Python312\Lib\operator.py first seen with mtime 1707286218.0
File C:\Users\USER\AppData\Local\Programs\Python\Python312\Lib\asyncio\trsock.py first seen with mtime 1707286218.0
File C:\Users\USER\AppData\Local\Programs\Python\Python312\Lib\site-packages\django\forms\boundfield.py first seen with mtime 1734730641.854214
File C:\Users\USER\AppData\Local\Programs\Python\Python312\Lib\pickle.py first seen with mtime 1707286218.0
File C:\Users\USER\AppData\Local\Programs\Python\Python312\Lib\site-packages\django\core\serializers\base.py first seen with mtime 1734730641.701894
File C:\Users\USER\AppData\Local\Programs\Python\Python312\Lib\site-packages\django\db\models\fields\files.py first seen with mtime 1734730641.8216155
File C:\Users\USER\AppData\Local\Programs\Python\Python312\DLLs\_wmi.pyd first seen with mtime 1707286252.0
File C:\Users\USER\AppData\Local\Programs\Python\Python312\Lib\site-packages\django\contrib\admin\helpers.py first seen with mtime 1734730634.3641906
File C:\Users\USER\AppData\Local\Programs\Python\Python312\Lib\urllib\response.py first seen with mtime 1707286218.0
File C:\Users\USER\AppData\Local\Programs\Python\Python312\Lib\site-packages\django\db\backends\sqlite3\operations.py first seen with mtime 1734730641.7726347
File C:\Users\USER\AppData\Local\Programs\Python\Python312\Lib\site-packages\asgiref\current_thread_executor.py first seen with mtime 1734730633.404624
File C:\Users\USER\AppData\Local\Programs\Python\Python312\Lib\site-packages\django\templatetags\i18n.py first seen with mtime 1734730642.0050035
File C:\Users\USER\AppData\Local\Programs\Python\Python312\Lib\site-packages\django\db\models\signals.py first seen with mtime 1734730641.8176248
File C:\Users\USER\AppData\Local\Programs\Python\Python312\Lib\site-packages\django\contrib\staticfiles\finders.py first seen with mtime 1734730641.5725527
File C:\Users\USER\AppData\Local\Programs\Python\Python312\Lib\site-packages\django\core\checks\security\base.py first seen with mtime 1734730641.6256993
File C:\Users\USER\AppData\Local\Programs\Python\Python312\Lib\site-packages\django\forms\forms.py first seen with mtime 1734730641.8572056
File C:\Users\USER\AppData\Local\Programs\Python\Python312\Lib\mimetypes.py first seen with mtime 1707286218.0
File C:\Users\USER\AppData\Local\Programs\Python\Python312\Lib\wsgiref\__init__.py first seen with mtime 1707286218.0
File C:\Users\USER\AppData\Local\Programs\Python\Python312\Lib\socket.py first seen with mtime 1707286218.0
File C:\Users\USER\AppData\Local\Programs\Python\Python312\Lib\site-packages\django\forms\models.py first seen with mtime 1734730641.860266
File C:\Users\USER\AppData\Local\Programs\Python\Python312\Lib\site-packages\django\db\models\manager.py first seen with mtime 1734730641.8126388
File C:\Users\USER\AppData\Local\Programs\Python\Python312\Lib\site-packages\asgiref\local.py first seen with mtime 1734730633.404624
File C:\Users\USER\AppData\Local\Programs\Python\Python312\Lib\site-packages\django\utils\datastructures.py first seen with mtime 1734730642.0393064
File C:\Users\USER\AppData\Local\Programs\Python\Python312\Lib\site-packages\django\utils\timesince.py first seen with mtime 1734730642.0677164
File C:\Users\USER\AppData\Local\Programs\Python\Python312\Lib\site-packages\django\views\__init__.py first seen with mtime 1734730642.0803802
File C:\Users\USER\AppData\Local\Programs\Python\Python312\Lib\site-packages\django\template\loaders\__init__.py first seen with mtime 1734730641.997024
File C:\Users\USER\AppData\Local\Programs\Python\Python312\Lib\site-packages\django\urls\exceptions.py first seen with mtime 1734730642.0256672
File C:\Users\USER\AppData\Local\Programs\Python\Python312\Lib\site-packages\django\shortcuts.py first seen with mtime 1734730633.835768
File C:\Users\USER\AppData\Local\Programs\Python\Python312\Lib\email\encoders.py first seen with mtime 1707286218.0
File C:\Users\USER\AppData\Local\Programs\Python\Python312\DLLs\_socket.pyd first seen with mtime 1707286252.0
File C:\Users\USER\AppData\Local\Programs\Python\Python312\Lib\site-packages\sqlparse\formatter.py first seen with mtime 1734730632.5826075
File C:\Users\USER\AppData\Local\Programs\Python\Python312\Lib\site-packages\django\template\backends\django.py first seen with mtime 1734730641.9913292
File C:\Users\USER\AppData\Local\Programs\Python\Python312\Lib\site-packages\django\db\backends\base\features.py first seen with mtime 1734730641.7226324
File C:\Users\USER\AppData\Local\Programs\Python\Python312\Lib\site-packages\django\db\models\indexes.py first seen with mtime 1734730641.8089051
File C:\Users\USER\AppData\Local\Programs\Python\Python312\Lib\site-packages\django\template\defaultfilters.py first seen with mtime 1734730641.9793625
File C:\Users\USER\AppData\Local\Programs\Python\Python312\Lib\site-packages\django\core\cache\backends\locmem.py first seen with mtime 1734730641.6088927
File C:\Users\USER\AppData\Local\Programs\Python\Python312\Lib\site-packages\django\utils\safestring.py first seen with mtime 1734730642.0647247
File C:\Users\USER\AppData\Local\Programs\Python\Python312\Lib\site-packages\django\db\backends\__init__.py first seen with mtime 1734730641.7146528
File C:\Users\USER\AppData\Local\Programs\Python\Python312\DLLs\_sqlite3.pyd first seen with mtime 1707286252.0
File C:\Users\USER\AppData\Local\Programs\Python\Python312\Lib\site-packages\django\contrib\messages\__init__.py first seen with mtime 1734730640.4126513
File C:\Users\USER\AppData\Local\Programs\Python\Python312\Lib\site-packages\django\db\backends\base\__init__.py first seen with mtime 1734730641.718642
File C:\Users\USER\AppData\Local\Programs\Python\Python312\Lib\asyncio\timeouts.py first seen with mtime 1707286218.0
File C:\Users\USER\AppData\Local\Programs\Python\Python312\Lib\site-packages\django\contrib\contenttypes\__init__.py first seen with mtime 1734730635.8137982
File C:\Users\USER\AppData\Local\Programs\Python\Python312\Lib\site-packages\django\utils\deprecation.py first seen with mtime 1734730642.045013
File C:\Users\USER\AppData\Local\Programs\Python\Python312\Lib\site-packages\django\forms\widgets.py first seen with mtime 1734730641.8646483
File C:\Users\USER\AppData\Local\Programs\Python\Python312\Lib\struct.py first seen with mtime 1707286218.0
File C:\Users\USER\AppData\Local\Programs\Python\Python312\Lib\site-packages\django\contrib\admin\filters.py first seen with mtime 1734730634.362196
File C:\Users\USER\AppData\Local\Programs\Python\Python312\Lib\site-packages\django\contrib\staticfiles\management\__init__.py first seen with mtime 1734730641.5812457
File C:\Users\USER\AppData\Local\Programs\Python\Python312\Lib\asyncio\exceptions.py first seen with mtime 1707286218.0
File C:\Users\USER\AppData\Local\Programs\Python\Python312\Lib\site-packages\django\contrib\sites\requests.py first seen with mtime 1734730641.298886
File C:\Users\USER\AppData\Local\Programs\Python\Python312\Lib\site-packages\django\contrib\contenttypes\checks.py first seen with mtime 1734730635.8167896
File C:\Users\USER\AppData\Local\Programs\Python\Python312\Lib\asyncio\tasks.py first seen with mtime 1707286218.0
File C:\Users\USER\AppData\Local\Programs\Python\Python312\Lib\site-packages\django\db\backends\sqlite3\client.py first seen with mtime 1734730641.767646
File C:\Users\USER\AppData\Local\Programs\Python\Python312\Lib\site-packages\django\db\models\utils.py first seen with mtime 1734730641.818623
File C:\Users\USER\AppData\Local\Programs\Python\Python312\Lib\site-packages\django\dispatch\dispatcher.py first seen with mtime 1734730641.8512218
File C:\Users\USER\AppData\Local\Programs\Python\Python312\Lib\hashlib.py first seen with mtime 1707286218.0
File C:\Users\USER\AppData\Local\Programs\Python\Python312\Lib\site-packages\django\contrib\auth\password_validation.py first seen with mtime 1734730635.4841409
File C:\Users\USER\AppData\Local\Programs\Python\Python312\Lib\functools.py first seen with mtime 1707286218.0
File C:\Users\USER\AppData\Local\Programs\Python\Python312\Lib\site-packages\django\contrib\sessions\base_session.py first seen with mtime 1734730640.9781475
File C:\Users\USER\AppData\Local\Programs\Python\Python312\Lib\site-packages\django\db\models\sql\constants.py first seen with mtime 1734730641.843247
File C:\Users\USER\AppData\Local\Programs\Python\Python312\Lib\base64.py first seen with mtime 1707286218.0
File C:\Users\USER\AppData\Local\Programs\Python\Python312\Lib\site-packages\django\template\loaders\filesystem.py first seen with mtime 1734730642.0010135
File C:\Users\USER\AppData\Local\Programs\Python\Python312\Lib\asyncio\__init__.py first seen with mtime 1707286218.0
File C:\Users\USER\AppData\Local\Programs\Python\Python312\Lib\site-packages\django\contrib\auth\middleware.py first seen with mtime 1734730635.4811492
File C:\Users\USER\AppData\Local\Programs\Python\Python312\Lib\site-packages\django\contrib\staticfiles\management\commands\__init__.py first seen with mtime 1734730641.5822434
File C:\Users\USER\AppData\Local\Programs\Python\Python312\Lib\site-packages\django\template\exceptions.py first seen with mtime 1734730641.982353
File C:\Users\USER\AppData\Local\Programs\Python\Python312\Lib\site-packages\django\template\utils.py first seen with mtime 1734730641.9893353
File C:\Users\USER\AppData\Local\Programs\Python\Python312\Lib\site-packages\django\contrib\auth\decorators.py first seen with mtime 1734730635.4771595
File C:\Users\USER\AppData\Local\Programs\Python\Python312\Lib\asyncio\base_subprocess.py first seen with mtime 1707286218.0
File C:\Users\USER\AppData\Local\Programs\Python\Python312\Lib\site-packages\django\db\migrations\__init__.py first seen with mtime 1734730641.7746286
File C:\Users\USER\AppData\Local\Programs\Python\Python312\Lib\pprint.py first seen with mtime 1707286218.0
File C:\Users\USER\AppData\Local\Programs\Python\Python312\Lib\types.py first seen with mtime 1707286218.0
File C:\Users\USER\AppData\Local\Programs\Python\Python312\Lib\site-packages\django\__init__.py first seen with mtime 1734730633.833746
File C:\Users\USER\AppData\Local\Programs\Python\Python312\Lib\asyncio\selector_events.py first seen with mtime 1707286218.0
File C:\Users\USER\AppData\Local\Programs\Python\Python312\Lib\site-packages\django\core\exceptions.py first seen with mtime 1734730641.5932143
File C:\Users\USER\AppData\Local\Programs\Python\Python312\DLLs\_hashlib.pyd first seen with mtime 1707286252.0
File C:\Users\USER\AppData\Local\Programs\Python\Python312\Lib\asyncio\staggered.py first seen with mtime 1707286218.0
File C:\Users\USER\AppData\Local\Programs\Python\Python312\Lib\site-packages\django\contrib\auth\backends.py first seen with mtime 1734730635.4703932
File C:\Users\USER\AppData\Local\Programs\Python\Python312\Lib\site-packages\django\contrib\contenttypes\admin.py first seen with mtime 1734730635.8147955
File C:\Users\USER\AppData\Local\Programs\Python\Python312\Lib\site-packages\django\core\files\storage\filesystem.py first seen with mtime 1734730641.6401992
File C:\Users\USER\AppData\Local\Programs\Python\Python312\Lib\wsgiref\headers.py first seen with mtime 1707286218.0
File C:\Users\USER\AppData\Local\Programs\Python\Python312\Lib\site-packages\django\conf\__init__.py first seen with mtime 1734730633.8407261
File C:\Users\USER\AppData\Local\Programs\Python\Python312\Lib\site-packages\django\core\checks\translation.py first seen with mtime 1734730641.6207137
File C:\Users\USER\AppData\Local\Programs\Python\Python312\Lib\site-packages\django\db\models\sql\datastructures.py first seen with mtime 1734730641.8452375
File C:\Users\USER\AppData\Local\Programs\Python\Python312\Lib\site-packages\django\contrib\sites\__init__.py first seen with mtime 1734730641.2891579
File C:\Users\USER\AppData\Local\Programs\Python\Python312\Lib\email\message.py first seen with mtime 1707286218.0
File C:\Users\USER\AppData\Local\Programs\Python\Python312\Lib\site-packages\sqlparse\engine\statement_splitter.py first seen with mtime 1734730632.5905862
File C:\Users\USER\AppData\Local\Programs\Python\Python312\Lib\site-packages\django\core\mail\message.py first seen with mtime 1734730641.6534078
File C:\Users\USER\AppData\Local\Programs\Python\Python312\Lib\site-packages\django\urls\resolvers.py first seen with mtime 1734730642.0266647
File C:\Users\USER\AppData\Local\Programs\Python\Python312\Lib\site-packages\django\db\models\lookups.py first seen with mtime 1734730641.8111439
File C:\Users\USER\AppData\Local\Programs\Python\Python312\Lib\ctypes\_endian.py first seen with mtime 1707286218.0
File C:\Users\USER\AppData\Local\Programs\Python\Python312\Lib\site-packages\django\core\checks\compatibility\django_4_0.py first seen with mtime 1734730641.623706
File C:\Users\USER\AppData\Local\Programs\Python\Python312\Lib\site-packages\django\templatetags\l10n.py first seen with mtime 1734730642.006001
File C:\Users\USER\AppData\Local\Programs\Python\Python312\Lib\urllib\error.py first seen with mtime 1707286218.0
File C:\Users\USER\AppData\Local\Programs\Python\Python312\Lib\site-packages\django\templatetags\cache.py first seen with mtime 1734730642.004006
File C:\Users\USER\AppData\Local\Programs\Python\Python312\Lib\site-packages\django\utils\functional.py first seen with mtime 1734730642.0499995
File C:\Users\USER\AppData\Local\Programs\Python\Python312\Lib\site-packages\PIL\TiffTags.py first seen with mtime 1735389159.694467
File C:\Users\USER\AppData\Local\Programs\Python\Python312\Lib\keyword.py first seen with mtime 1707286218.0
File C:\Users\USER\AppData\Local\Programs\Python\Python312\Lib\site-packages\sqlparse\filters\output.py first seen with mtime 1734730632.5972474
File C:\Users\USER\AppData\Local\Programs\Python\Python312\Lib\site-packages\django\core\files\storage\base.py first seen with mtime 1734730641.6392014
File C:\Users\USER\AppData\Local\Programs\Python\Python312\Lib\site-packages\django\core\handlers\exception.py first seen with mtime 1734730641.6494193
File C:\Users\USER\AppData\Local\Programs\Python\Python312\Lib\site-packages\django\core\checks\__init__.py first seen with mtime 1734730641.612735
File C:\Users\USER\AppData\Local\Programs\Python\Python312\Lib\site-packages\django\utils\choices.py first seen with mtime 1734730642.0363142
File C:\Users\USER\AppData\Local\Programs\Python\Python312\Lib\site-packages\django\middleware\__init__.py first seen with mtime 1734730641.9636803
File C:\Users\USER\AppData\Local\Programs\Python\Python312\Lib\site-packages\django\contrib\admin\templatetags\log.py first seen with mtime 1734730635.1547143
File C:\Users\USER\AppData\Local\Programs\Python\Python312\Lib\zoneinfo\_common.py first seen with mtime 1707286218.0
File C:\Users\USER\AppData\Local\Programs\Python\Python312\Lib\_compat_pickle.py first seen with mtime 1707286218.0
File C:\Users\USER\AppData\Local\Programs\Python\Python312\Lib\site-packages\django\db\models\fields\related.py first seen with mtime 1734730641.8282363
File C:\Users\USER\AppData\Local\Programs\Python\Python312\Lib\shutil.py first seen with mtime 1707286218.0
File C:\Users\USER\AppData\Local\Programs\Python\Python312\Lib\site-packages\django\core\files\locks.py first seen with mtime 1734730641.63222
File C:\Users\USER\AppData\Local\Programs\Python\Python312\Lib\email\mime\__init__.py first seen with mtime 1707286218.0
File C:\Users\USER\AppData\Local\Programs\Python\Python312\Lib\site-packages\django\core\checks\templates.py first seen with mtime 1734730641.619717
File C:\Users\USER\AppData\Local\Programs\Python\Python312\Lib\ast.py first seen with mtime 1707286218.0
File C:\Users\USER\AppData\Local\Programs\Python\Python312\Lib\email\headerregistry.py first seen with mtime 1707286218.0
File C:\Users\USER\AppData\Local\Programs\Python\Python312\Lib\wsgiref\util.py first seen with mtime 1707286218.0
File C:\Users\USER\AppData\Local\Programs\Python\Python312\Lib\site-packages\django\db\backends\sqlite3\_functions.py first seen with mtime 1734730641.766649
File C:\Users\USER\AppData\Local\Programs\Python\Python312\Lib\email\quoprimime.py first seen with mtime 1707286218.0
File C:\Users\USER\AppData\Local\Programs\Python\Python312\Lib\site-packages\django\db\backends\ddl_references.py first seen with mtime 1734730641.7156503
File C:\Users\USER\AppData\Local\Programs\Python\Python312\Lib\asyncio\constants.py first seen with mtime 1707286218.0
File C:\Users\USER\AppData\Local\Programs\Python\Python312\Lib\site-packages\django\conf\urls\static.py first seen with mtime 1734730634.3518767
File C:\Users\USER\AppData\Local\Programs\Python\Python312\Lib\site-packages\django\core\cache\backends\__init__.py first seen with mtime 1734730641.6039054
File C:\Users\USER\AppData\Local\Programs\Python\Python312\Lib\site-packages\django\utils\asyncio.py first seen with mtime 1734730642.0323257
File C:\Users\USER\AppData\Local\Programs\Python\Python312\Lib\linecache.py first seen with mtime 1707286218.0
File C:\Users\USER\AppData\Local\Programs\Python\Python312\Lib\site-packages\django\db\backends\sqlite3\features.py first seen with mtime 1734730641.7706397
File C:\Users\USER\AppData\Local\Programs\Python\Python312\Lib\site-packages\django\utils\hashable.py first seen with mtime 1734730642.0509975
File C:\Users\USER\AppData\Local\Programs\Python\Python312\Lib\pkgutil.py first seen with mtime 1707286218.0
File C:\Users\USER\AppData\Local\Programs\Python\Python312\Lib\site-packages\django\utils\formats.py first seen with mtime 1734730642.049003
File C:\Users\USER\AppData\Local\Programs\Python\Python312\Lib\site-packages\django\db\migrations\operations\base.py first seen with mtime 1734730641.791329
File C:\Users\USER\AppData\Local\Programs\Python\Python312\Lib\site-packages\django\views\debug.py first seen with mtime 1734730642.083372
File C:\Users\USER\AppData\Local\Programs\Python\Python312\Lib\ssl.py first seen with mtime 1707286218.0
File C:\Users\USER\AppData\Local\Programs\Python\Python312\Lib\site-packages\django\views\generic\__init__.py first seen with mtime 1734730642.0990472
File C:\Users\USER\AppData\Local\Programs\Python\Python312\Lib\_weakrefset.py first seen with mtime 1707286218.0
File C:\Users\USER\AppData\Local\Programs\Python\Python312\Lib\site-packages\django\core\checks\registry.py first seen with mtime 1734730641.619717
File C:\Users\USER\AppData\Local\Programs\Python\Python312\Lib\site-packages\django\db\backends\base\validation.py first seen with mtime 1734730641.7282927
File C:\Users\USER\AppData\Local\Programs\Python\Python312\Lib\site-packages\django\core\files\storage\__init__.py first seen with mtime 1734730641.6382034
File C:\Users\USER\AppData\Local\Programs\Python\Python312\Lib\email\policy.py first seen with mtime 1707286218.0
File C:\Users\USER\AppData\Local\Programs\Python\Python312\Lib\pathlib.py first seen with mtime 1707286218.0
File C:\Users\USER\AppData\Local\Programs\Python\Python312\Lib\glob.py first seen with mtime 1707286218.0
File C:\Users\USER\AppData\Local\Programs\Python\Python312\Lib\platform.py first seen with mtime 1707286218.0
File C:\Users\USER\AppData\Local\Programs\Python\Python312\Lib\tokenize.py first seen with mtime 1707286218.0
File C:\Users\USER\AppData\Local\Programs\Python\Python312\Lib\site-packages\django\db\backends\sqlite3\creation.py first seen with mtime 1734730641.7686446
File C:\Users\USER\AppData\Local\Programs\Python\Python312\Lib\site-packages\django\forms\utils.py first seen with mtime 1734730641.8626518
File C:\Users\USER\AppData\Local\Programs\Python\Python312\Lib\site-packages\django\core\files\base.py first seen with mtime 1734730641.6302254
File C:\Users\USER\AppData\Local\Programs\Python\Python312\Lib\site-packages\django\utils\__init__.py first seen with mtime 1734730642.028335
File C:\Users\USER\AppData\Local\Programs\Python\Python312\Lib\site-packages\django\template\loaders\base.py first seen with mtime 1734730641.999019
File C:\Users\USER\AppData\Local\Programs\Python\Python312\Lib\site-packages\django\contrib\auth\base_user.py first seen with mtime 1734730635.4713905
File C:\Users\USER\AppData\Local\Programs\Python\Python312\Lib\site-packages\django\utils\html.py first seen with mtime 1734730642.051994
File C:\Users\USER\AppData\Local\Programs\Python\Python312\Lib\asyncio\mixins.py first seen with mtime 1707286218.0
File C:\Users\USER\AppData\Local\Programs\Python\Python312\Lib\site-packages\django\template\loader_tags.py first seen with mtime 1734730641.9863427
File C:\Users\USER\AppData\Local\Programs\Python\Python312\Lib\site-packages\django\utils\regex_helper.py first seen with mtime 1734730642.0637271
File C:\Users\USER\AppData\Local\Programs\Python\Python312\Lib\textwrap.py first seen with mtime 1707286218.0
File C:\Users\USER\AppData\Local\Programs\Python\Python312\Lib\opcode.py first seen with mtime 1707286218.0
File C:\Users\USER\AppData\Local\Programs\Python\Python312\Lib\site-packages\django\contrib\auth\views.py first seen with mtime 1734730635.4891298
File C:\Users\USER\AppData\Local\Programs\Python\Python312\Lib\site-packages\django\urls\utils.py first seen with mtime 1734730642.0279584
File C:\Users\USER\AppData\Local\Programs\Python\Python312\Lib\asyncio\coroutines.py first seen with mtime 1707286218.0
File C:\Users\USER\AppData\Local\Programs\Python\Python312\Lib\difflib.py first seen with mtime 1707286218.0
File C:\Users\USER\AppData\Local\Programs\Python\Python312\Lib\site-packages\django\forms\renderers.py first seen with mtime 1734730641.8616543
File C:\Users\USER\AppData\Local\Programs\Python\Python312\Lib\site-packages\PIL\_util.py first seen with mtime 1735389159.7822325
File C:\Users\USER\AppData\Local\Programs\Python\Python312\Lib\email\base64mime.py first seen with mtime 1707286218.0
File C:\Users\USER\AppData\Local\Programs\Python\Python312\Lib\ctypes\__init__.py first seen with mtime 1707286218.0
File C:\Users\USER\AppData\Local\Programs\Python\Python312\Lib\site-packages\django\contrib\staticfiles\views.py first seen with mtime 1734730641.5792518
File C:\Users\USER\AppData\Local\Programs\Python\Python312\Lib\site-packages\django\db\migrations\utils.py first seen with mtime 1734730641.7883356
File C:\Users\USER\AppData\Local\Programs\Python\Python312\Lib\site-packages\django\utils\cache.py first seen with mtime 1734730642.035317
File C:\Users\USER\AppData\Local\Programs\Python\Python312\Lib\site-packages\django\core\__init__.py first seen with mtime 1734730641.5902224
File C:\Users\USER\AppData\Local\Programs\Python\Python312\Lib\site-packages\django\utils\dates.py first seen with mtime 1734730642.0413013
File C:\Users\USER\AppData\Local\Programs\Python\Python312\Lib\numbers.py first seen with mtime 1707286218.0
File C:\Users\USER\AppData\Local\Programs\Python\Python312\Lib\site-packages\django\core\files\storage\memory.py first seen with mtime 1734730641.642193
File C:\Users\USER\AppData\Local\Programs\Python\Python312\Lib\site-packages\django\core\management\commands\runserver.py first seen with mtime 1734730641.686533
File C:\Users\USER\AppData\Local\Programs\Python\Python312\Lib\site-packages\django\template\loader.py first seen with mtime 1734730641.9843483
File C:\Users\USER\AppData\Local\Programs\Python\Python312\Lib\site-packages\django\core\checks\security\sessions.py first seen with mtime 1734730641.6266983
File C:\Users\USER\AppData\Local\Programs\Python\Python312\Lib\email\mime\message.py first seen with mtime 1707286218.0
File C:\Users\USER\AppData\Local\Programs\Python\Python312\Lib\site-packages\django\contrib\sessions\__init__.py first seen with mtime 1734730640.9757178
File C:\Users\USER\AppData\Local\Programs\Python\Python312\Lib\email\contentmanager.py first seen with mtime 1707286218.0
File C:\Users\USER\AppData\Local\Programs\Python\Python312\Lib\site-packages\django\core\files\uploadhandler.py first seen with mtime 1734730641.63621
File C:\Users\USER\AppData\Local\Programs\Python\Python312\Lib\re\__init__.py first seen with mtime 1707286218.0
File C:\Users\USER\AppData\Local\Programs\Python\Python312\Lib\site-packages\django\contrib\sessions\apps.py first seen with mtime 1734730640.9767146
File C:\Users\USER\AppData\Local\Programs\Python\Python312\Lib\site-packages\django\core\checks\security\csrf.py first seen with mtime 1734730641.6256993
File C:\Users\USER\AppData\Local\Programs\Python\Python312\Lib\site-packages\sqlparse\exceptions.py first seen with mtime 1734730632.5806136
File C:\Users\USER\AppData\Local\Programs\Python\Python312\Lib\sqlite3\__init__.py first seen with mtime 1707286218.0
File C:\Users\USER\Desktop\PORTPROJECT\myproject\myapp\apps.py first seen with mtime 1735662051.7913265
File C:\Users\USER\AppData\Local\Programs\Python\Python312\Lib\site-packages\django\db\migrations\operations\__init__.py first seen with mtime 1734730641.7903306
File C:\Users\USER\AppData\Local\Programs\Python\Python312\Lib\uuid.py first seen with mtime 1707286218.0
File C:\Users\USER\AppData\Local\Programs\Python\Python312\DLLs\_zoneinfo.pyd first seen with mtime 1707286252.0
File C:\Users\USER\AppData\Local\Programs\Python\Python312\Lib\encodings\utf_8.py first seen with mtime 1707286218.0
File C:\Users\USER\AppData\Local\Programs\Python\Python312\Lib\site-packages\sqlparse\filters\right_margin.py first seen with mtime 1734730632.599268
File C:\Users\USER\AppData\Local\Programs\Python\Python312\Lib\email\errors.py first seen with mtime 1707286218.0
File C:\Users\USER\AppData\Local\Programs\Python\Python312\Lib\site-packages\django\db\models\options.py first seen with mtime 1734730641.813636
File C:\Users\USER\AppData\Local\Programs\Python\Python312\Lib\asyncio\transports.py first seen with mtime 1707286218.0
File C:\Users\USER\AppData\Local\Programs\Python\Python312\Lib\site-packages\django\contrib\admin\options.py first seen with mtime 1734730634.3661852
File C:\Users\USER\AppData\Local\Programs\Python\Python312\Lib\site-packages\django\contrib\auth\forms.py first seen with mtime 1734730635.4781592
File C:\Users\USER\AppData\Local\Programs\Python\Python312\Lib\tempfile.py first seen with mtime 1707286218.0
File C:\Users\USER\AppData\Local\Programs\Python\Python312\Lib\site-packages\django\views\generic\list.py first seen with mtime 1734730642.105031
File C:\Users\USER\AppData\Local\Programs\Python\Python312\Lib\logging\handlers.py first seen with mtime 1707286218.0
File C:\Users\USER\AppData\Local\Programs\Python\Python312\Lib\socketserver.py first seen with mtime 1707286218.0
File C:\Users\USER\Desktop\PORTPROJECT\myproject\myapp\admin.py first seen with mtime 1735735535.0893347
File C:\Users\USER\AppData\Local\Programs\Python\Python312\Lib\urllib\request.py first seen with mtime 1707286218.0
File C:\Users\USER\AppData\Local\Programs\Python\Python312\Lib\site-packages\django\views\generic\dates.py first seen with mtime 1734730642.102039
File C:\Users\USER\AppData\Local\Programs\Python\Python312\Lib\site-packages\django\db\migrations\exceptions.py first seen with mtime 1734730641.7781918
File C:\Users\USER\AppData\Local\Programs\Python\Python312\Lib\site-packages\django\utils\duration.py first seen with mtime 1734730642.046011
File C:\Users\USER\AppData\Local\Programs\Python\Python312\Lib\warnings.py first seen with mtime 1707286218.0
File C:\Users\USER\AppData\Local\Programs\Python\Python312\Lib\site-packages\django\core\mail\__init__.py first seen with mtime 1734730641.651413
File C:\Users\USER\AppData\Local\Programs\Python\Python312\Lib\site-packages\django\core\files\storage\mixins.py first seen with mtime 1734730641.6431909
File C:\Users\USER\AppData\Local\Programs\Python\Python312\Lib\site-packages\sqlparse\cli.py first seen with mtime 1734730632.5796156
File C:\Users\USER\AppData\Local\Programs\Python\Python312\Lib\site-packages\asgiref\sync.py first seen with mtime 1734730633.4076123
File C:\Users\USER\AppData\Local\Programs\Python\Python312\Lib\site-packages\django\template\smartif.py first seen with mtime 1734730641.9883375
File C:\Users\USER\AppData\Local\Programs\Python\Python312\Lib\site-packages\django\core\serializers\__init__.py first seen with mtime 1734730641.7008977
File C:\Users\USER\AppData\Local\Programs\Python\Python312\Lib\asyncio\windows_utils.py first seen with mtime 1707286218.0
File C:\Users\USER\AppData\Local\Programs\Python\Python312\Lib\site-packages\django\db\backends\sqlite3\base.py first seen with mtime 1734730641.767646
File C:\Users\USER\AppData\Local\Programs\Python\Python312\Lib\encodings\aliases.py first seen with mtime 1707286218.0
File C:\Users\USER\AppData\Local\Programs\Python\Python312\Lib\site-packages\django\core\management\__init__.py first seen with mtime 1734730641.6625903
File C:\Users\USER\AppData\Local\Programs\Python\Python312\Lib\site-packages\sqlparse\filters\aligned_indent.py first seen with mtime 1734730632.5942547
File C:\Users\USER\AppData\Local\Programs\Python\Python312\Lib\site-packages\django\template\engine.py first seen with mtime 1734730641.982353
File C:\Users\USER\AppData\Local\Programs\Python\Python312\Lib\site-packages\django\contrib\messages\apps.py first seen with mtime 1734730640.4146447
File C:\Users\USER\AppData\Local\Programs\Python\Python312\Lib\site-packages\django\middleware\cache.py first seen with mtime 1734730641.964678
File C:\Users\USER\AppData\Local\Programs\Python\Python312\Lib\site-packages\django\core\handlers\__init__.py first seen with mtime 1734730641.6449306
File C:\Users\USER\AppData\Local\Programs\Python\Python312\Lib\site-packages\django\views\defaults.py first seen with mtime 1734730642.0843742
File C:\Users\USER\AppData\Local\Programs\Python\Python312\Lib\email\mime\multipart.py first seen with mtime 1707286218.0
File C:\Users\USER\AppData\Local\Programs\Python\Python312\Lib\site-packages\django\core\checks\security\__init__.py first seen with mtime 1734730641.6247032
File C:\Users\USER\AppData\Local\Programs\Python\Python312\DLLs\_overlapped.pyd first seen with mtime 1707286252.0
File C:\Users\USER\AppData\Local\Programs\Python\Python312\Lib\__future__.py first seen with mtime 1707286218.0
File C:\Users\USER\AppData\Local\Programs\Python\Python312\Lib\site-packages\django\urls\converters.py first seen with mtime 1734730642.0236716
File C:\Users\USER\AppData\Local\Programs\Python\Python312\Lib\site-packages\django\core\management\commands\__init__.py first seen with mtime 1734730641.6705704
File C:\Users\USER\AppData\Local\Programs\Python\Python312\Lib\site-packages\django\db\models\functions\mixins.py first seen with mtime 1734730641.8382604
File C:\Users\USER\AppData\Local\Programs\Python\Python312\Lib\concurrent\futures\__init__.py first seen with mtime 1707286218.0
File C:\Users\USER\AppData\Local\Programs\Python\Python312\Lib\site-packages\django\contrib\admin\exceptions.py first seen with mtime 1734730634.3601997
File C:\Users\USER\AppData\Local\Programs\Python\Python312\Lib\site-packages\django\http\cookie.py first seen with mtime 1734730641.9579422
File C:\Users\USER\AppData\Local\Programs\Python\Python312\Lib\site-packages\django\conf\urls\__init__.py first seen with mtime 1734730634.3498816
File C:\Users\USER\AppData\Local\Programs\Python\Python312\Lib\inspect.py first seen with mtime 1707286218.0
File C:\Users\USER\AppData\Local\Programs\Python\Python312\Lib\secrets.py first seen with mtime 1707286218.0
File C:\Users\USER\AppData\Local\Programs\Python\Python312\Lib\site-packages\django\db\models\__init__.py first seen with mtime 1734730641.796937
File C:\Users\USER\AppData\Local\Programs\Python\Python312\Lib\site-packages\django\core\management\base.py first seen with mtime 1734730641.6645844
File C:\Users\USER\AppData\Local\Programs\Python\Python312\Lib\signal.py first seen with mtime 1707286218.0
File C:\Users\USER\AppData\Local\Programs\Python\Python312\Lib\site-packages\django\contrib\admin\templatetags\admin_urls.py first seen with mtime 1734730635.1517222
File C:\Users\USER\AppData\Local\Programs\Python\Python312\Lib\site-packages\django\utils\module_loading.py first seen with mtime 1734730642.061316
File C:\Users\USER\AppData\Local\Programs\Python\Python312\Lib\site-packages\sqlparse\sql.py first seen with mtime 1734730632.5855997
File C:\Users\USER\AppData\Local\Programs\Python\Python312\Lib\site-packages\django\template\library.py first seen with mtime 1734730641.983351
File C:\Users\USER\AppData\Local\Programs\Python\Python312\Lib\lzma.py first seen with mtime 1707286218.0
File C:\Users\USER\AppData\Local\Programs\Python\Python312\Lib\site-packages\django\utils\deconstruct.py first seen with mtime 1734730642.0422986
File C:\Users\USER\AppData\Local\Programs\Python\Python312\Lib\site-packages\django\utils\version.py first seen with mtime 1734730642.0717056
File C:\Users\USER\AppData\Local\Programs\Python\Python312\Lib\site-packages\django\core\mail\utils.py first seen with mtime 1734730641.6544049
File C:\Users\USER\AppData\Local\Programs\Python\Python312\Lib\site-packages\django\dispatch\__init__.py first seen with mtime 1734730641.8502243
File C:\Users\USER\AppData\Local\Programs\Python\Python312\Lib\site-packages\django\contrib\admin\sites.py first seen with mtime 1734730634.3671815
File C:\Users\USER\AppData\Local\Programs\Python\Python312\Lib\email\iterators.py first seen with mtime 1707286218.0
File C:\Users\USER\AppData\Local\Programs\Python\Python312\Lib\site-packages\django\db\models\sql\query.py first seen with mtime 1734730641.8472326
File C:\Users\USER\AppData\Local\Programs\Python\Python312\Lib\site-packages\django\db\models\functions\__init__.py first seen with mtime 1734730641.8332736
File C:\Users\USER\AppData\Local\Programs\Python\Python312\Lib\site-packages\django\middleware\csrf.py first seen with mtime 1734730641.9676695
File C:\Users\USER\AppData\Local\Programs\Python\Python312\Lib\site-packages\sqlparse\filters\others.py first seen with mtime 1734730632.5952518
File C:\Users\USER\AppData\Local\Programs\Python\Python312\Lib\site-packages\django\db\migrations\operations\models.py first seen with mtime 1734730641.7948923
File C:\Users\USER\AppData\Local\Programs\Python\Python312\Lib\logging\__init__.py first seen with mtime 1707286218.0
File C:\Users\USER\AppData\Local\Programs\Python\Python312\Lib\gettext.py first seen with mtime 1707286218.0
File C:\Users\USER\AppData\Local\Programs\Python\Python312\Lib\fractions.py first seen with mtime 1707286218.0
File C:\Users\USER\AppData\Local\Programs\Python\Python312\Lib\email\parser.py first seen with mtime 1707286218.0
File C:\Users\USER\AppData\Local\Programs\Python\Python312\Lib\site-packages\django\utils\decorators.py first seen with mtime 1734730642.0432959
File C:\Users\USER\AppData\Local\Programs\Python\Python312\Lib\multiprocessing\context.py first seen with mtime 1707286218.0
File C:\Users\USER\AppData\Local\Programs\Python\Python312\Lib\site-packages\django\core\wsgi.py first seen with mtime 1734730641.5999148
File C:\Users\USER\AppData\Local\Programs\Python\Python312\Lib\site-packages\django\core\checks\caches.py first seen with mtime 1734730641.6147292
File C:\Users\USER\AppData\Local\Programs\Python\Python312\Lib\importlib\_abc.py first seen with mtime 1707286218.0
File C:\Users\USER\AppData\Local\Programs\Python\Python312\Lib\email\mime\text.py first seen with mtime 1707286218.0
File C:\Users\USER\AppData\Local\Programs\Python\Python312\Lib\site-packages\django\utils\translation\__init__.py first seen with mtime 1734730642.0737016
File C:\Users\USER\AppData\Local\Programs\Python\Python312\Lib\site-packages\django\views\decorators\debug.py first seen with mtime 1734730642.094547
File C:\Users\USER\AppData\Local\Programs\Python\Python312\Lib\json\encoder.py first seen with mtime 1707286218.0
File C:\Users\USER\AppData\Local\Programs\Python\Python312\Lib\site-packages\django\db\models\fields\related_lookups.py first seen with mtime 1734730641.830282
File C:\Users\USER\AppData\Local\Programs\Python\Python312\Lib\site-packages\django\utils\timezone.py first seen with mtime 1734730642.0697107
File C:\Users\USER\AppData\Local\Programs\Python\Python312\Lib\site-packages\django\utils\translation\reloader.py first seen with mtime 1734730642.0746977
File C:\Users\USER\AppData\Local\Programs\Python\Python312\Lib\site-packages\django\urls\__init__.py first seen with mtime 1734730642.0216763
File C:\Users\USER\AppData\Local\Programs\Python\Python312\Lib\site-packages\django\views\decorators\csrf.py first seen with mtime 1734730642.0923476
File C:\Users\USER\AppData\Local\Programs\Python\Python312\Lib\site-packages\django\core\checks\files.py first seen with mtime 1734730641.615726
File C:\Users\USER\AppData\Local\Programs\Python\Python312\Lib\site-packages\django\db\models\aggregates.py first seen with mtime 1734730641.7989318
File C:\Users\USER\AppData\Local\Programs\Python\Python312\Lib\zoneinfo\__init__.py first seen with mtime 1707286218.0
File C:\Users\USER\AppData\Local\Programs\Python\Python312\Lib\site-packages\django\core\paginator.py first seen with mtime 1734730641.5949273
File C:\Users\USER\AppData\Local\Programs\Python\Python312\Lib\site-packages\django\db\models\functions\window.py first seen with mtime 1734730641.840255
File C:\Users\USER\AppData\Local\Programs\Python\Python312\Lib\site-packages\django\utils\tree.py first seen with mtime 1734730642.0707085
File C:\Users\USER\AppData\Local\Programs\Python\Python312\Lib\site-packages\django\core\cache\utils.py first seen with mtime 1734730641.6029072
File C:\Users\USER\AppData\Local\Programs\Python\Python312\Lib\site-packages\django\contrib\auth\management\__init__.py first seen with mtime 1734730635.7899466
File C:\Users\USER\AppData\Local\Programs\Python\Python312\Lib\site-packages\sqlparse\lexer.py first seen with mtime 1734730632.5846026
File C:\Users\USER\AppData\Local\Programs\Python\Python312\Lib\email\_encoded_words.py first seen with mtime 1707286218.0
File C:\Users\USER\AppData\Local\Programs\Python\Python312\Lib\site-packages\django\template\context.py first seen with mtime 1734730641.9756489
File C:\Users\USER\AppData\Local\Programs\Python\Python312\Lib\http\cookies.py first seen with mtime 1707286218.0
File C:\Users\USER\AppData\Local\Programs\Python\Python312\Lib\site-packages\django\contrib\admin\checks.py first seen with mtime 1734730634.3578615
File C:\Users\USER\AppData\Local\Programs\Python\Python312\Lib\site-packages\django\views\generic\detail.py first seen with mtime 1734730642.1030369
File C:\Users\USER\AppData\Local\Programs\Python\Python312\Lib\site-packages\django\utils\crypto.py first seen with mtime 1734730642.0383096
File C:\Users\USER\AppData\Local\Programs\Python\Python312\Lib\site-packages\django\db\backends\signals.py first seen with mtime 1734730641.7166479
File C:\Users\USER\AppData\Local\Programs\Python\Python312\Lib\wsgiref\handlers.py first seen with mtime 1707286218.0
File C:\Users\USER\AppData\Local\Programs\Python\Python312\Lib\http\__init__.py first seen with mtime 1707286218.0
File C:\Users\USER\AppData\Local\Programs\Python\Python312\Lib\site-packages\django\contrib\staticfiles\apps.py first seen with mtime 1734730641.570558
File C:\Users\USER\AppData\Local\Programs\Python\Python312\Lib\site-packages\django\contrib\admin\apps.py first seen with mtime 1734730634.3568628
File C:\Users\USER\AppData\Local\Programs\Python\Python312\Lib\site-packages\PIL\ImageMode.py first seen with mtime 1735389159.5783834
File C:\Users\USER\AppData\Local\Programs\Python\Python312\Lib\site-packages\django\utils\dateparse.py first seen with mtime 1734730642.0403032
File C:\Users\USER\AppData\Local\Programs\Python\Python312\Lib\asyncio\events.py first seen with mtime 1707286218.0
File C:\Users\USER\AppData\Local\Programs\Python\Python312\Lib\subprocess.py first seen with mtime 1707286218.0
File C:\Users\USER\AppData\Local\Programs\Python\Python312\Lib\site-packages\django\http\__init__.py first seen with mtime 1734730641.9579422
File C:\Users\USER\AppData\Local\Programs\Python\Python312\Lib\graphlib.py first seen with mtime 1707286218.0
File C:\Users\USER\AppData\Local\Programs\Python\Python312\Lib\hmac.py first seen with mtime 1707286218.0
File C:\Users\USER\AppData\Local\Programs\Python\Python312\Lib\site-packages\django\core\checks\database.py first seen with mtime 1734730641.615726
File C:\Users\USER\AppData\Local\Programs\Python\Python312\Lib\asyncio\base_tasks.py first seen with mtime 1707286218.0
File C:\Users\USER\AppData\Local\Programs\Python\Python312\Lib\importlib\__init__.py first seen with mtime 1707286218.0
File C:\Users\USER\AppData\Local\Programs\Python\Python312\Lib\site-packages\django\contrib\admin\views\__init__.py first seen with mtime 1734730635.1547143
File C:\Users\USER\AppData\Local\Programs\Python\Python312\Lib\site-packages\django\contrib\sessions\middleware.py first seen with mtime 1734730640.9821374
File C:\Users\USER\AppData\Local\Programs\Python\Python312\Lib\site-packages\django\template\defaulttags.py first seen with mtime 1734730641.9813564
File C:\Users\USER\AppData\Local\Programs\Python\Python312\Lib\site-packages\django\core\serializers\json.py first seen with mtime 1734730641.702892
File C:\Users\USER\AppData\Local\Programs\Python\Python312\Lib\site-packages\django\db\models\deletion.py first seen with mtime 1734730641.804917
File C:\Users\USER\AppData\Local\Programs\Python\Python312\Lib\site-packages\django\contrib\messages\constants.py first seen with mtime 1734730640.4156432
File C:\Users\USER\AppData\Local\Programs\Python\Python312\Lib\contextlib.py first seen with mtime 1707286218.0
File C:\Users\USER\AppData\Local\Programs\Python\Python312\Lib\asyncio\futures.py first seen with mtime 1707286218.0
File C:\Users\USER\AppData\Local\Programs\Python\Python312\DLLs\unicodedata.pyd first seen with mtime 1707286252.0
File C:\Users\USER\AppData\Local\Programs\Python\Python312\Lib\site-packages\django\contrib\contenttypes\apps.py first seen with mtime 1734730635.8157935
File C:\Users\USER\AppData\Local\Programs\Python\Python312\Lib\site-packages\django\db\models\sql\subqueries.py first seen with mtime 1734730641.84823
File C:\Users\USER\AppData\Local\Programs\Python\Python312\Lib\token.py first seen with mtime 1707286218.0
File C:\Users\USER\AppData\Local\Programs\Python\Python312\Lib\json\__init__.py first seen with mtime 1707286218.0
File C:\Users\USER\AppData\Local\Programs\Python\Python312\Lib\traceback.py first seen with mtime 1707286218.0
File C:\Users\USER\AppData\Local\Programs\Python\Python312\Lib\enum.py first seen with mtime 1707286218.0
File C:\Users\USER\AppData\Local\Programs\Python\Python312\Lib\site-packages\django\core\servers\__init__.py first seen with mtime 1734730641.7090137
File C:\Users\USER\AppData\Local\Programs\Python\Python312\Lib\site-packages\django\contrib\contenttypes\management\__init__.py first seen with mtime 1734730636.1862495
File C:\Users\USER\AppData\Local\Programs\Python\Python312\Lib\site-packages\django\views\i18n.py first seen with mtime 1734730642.0853665
File C:\Users\USER\AppData\Local\Programs\Python\Python312\Lib\email\_parseaddr.py first seen with mtime 1707286218.0
File C:\Users\USER\AppData\Local\Programs\Python\Python312\Lib\email\header.py first seen with mtime 1707286218.0
File C:\Users\USER\AppData\Local\Programs\Python\Python312\Lib\site-packages\django\core\checks\urls.py first seen with mtime 1734730641.621711
File C:\Users\USER\AppData\Local\Programs\Python\Python312\Lib\http\server.py first seen with mtime 1707286218.0
File C:\Users\USER\AppData\Local\Programs\Python\Python312\Lib\site-packages\django\db\backends\base\creation.py first seen with mtime 1734730641.7216349
File C:\Users\USER\AppData\Local\Programs\Python\Python312\Lib\site-packages\sqlparse\filters\__init__.py first seen with mtime 1734730632.593256
File C:\Users\USER\AppData\Local\Programs\Python\Python312\Lib\http\client.py first seen with mtime 1707286218.0
File C:\Users\USER\AppData\Local\Programs\Python\Python312\Lib\site-packages\django\apps\registry.py first seen with mtime 1734730633.8387508
File C:\Users\USER\AppData\Local\Programs\Python\Python312\Lib\weakref.py first seen with mtime 1707286218.0
File C:\Users\USER\AppData\Local\Programs\Python\Python312\Lib\site-packages\django\db\backends\sqlite3\__init__.py first seen with mtime 1734730641.7656515
File C:\Users\USER\AppData\Local\Programs\Python\Python312\Lib\_markupbase.py first seen with mtime 1707286218.0
File C:\Users\USER\AppData\Local\Programs\Python\Python312\Lib\asyncio\taskgroups.py first seen with mtime 1707286218.0
File C:\Users\USER\AppData\Local\Programs\Python\Python312\Lib\site-packages\PIL\Image.py first seen with mtime 1735389159.5554492
File C:\Users\USER\Desktop\PORTPROJECT\myproject\myproject\urls.py first seen with mtime 1735735448.9646013
File C:\Users\USER\AppData\Local\Programs\Python\Python312\Lib\encodings\__init__.py first seen with mtime 1707286218.0
File C:\Users\USER\Desktop\PORTPROJECT\myproject\manage.py first seen with mtime 1735661998.8618286
File C:\Users\USER\AppData\Local\Programs\Python\Python312\Lib\site-packages\django\contrib\auth\tokens.py first seen with mtime 1734730635.487135
File C:\Users\USER\AppData\Local\Programs\Python\Python312\Lib\asyncio\base_futures.py first seen with mtime 1707286218.0
File C:\Users\USER\AppData\Local\Programs\Python\Python312\Lib\concurrent\futures\_base.py first seen with mtime 1707286218.0
File C:\Users\USER\AppData\Local\Programs\Python\Python312\Lib\email\feedparser.py first seen with mtime 1707286218.0
File C:\Users\USER\AppData\Local\Programs\Python\Python312\Lib\asyncio\base_events.py first seen with mtime 1707286218.0
File C:\Users\USER\AppData\Local\Programs\Python\Python312\Lib\site-packages\django\db\migrations\migration.py first seen with mtime 1734730641.7823524
File C:\Users\USER\AppData\Local\Programs\Python\Python312\Lib\site-packages\sqlparse\engine\filter_stack.py first seen with mtime 1734730632.5885918
File C:\Users\USER\Desktop\PORTPROJECT\myproject\myapp\models.py first seen with mtime 1735747899.748064
File C:\Users\USER\AppData\Local\Programs\Python\Python312\Lib\site-packages\django\template\response.py first seen with mtime 1734730641.9873395
File C:\Users\USER\AppData\Local\Programs\Python\Python312\Lib\site-packages\django\http\response.py first seen with mtime 1734730641.9626832
File C:\Users\USER\AppData\Local\Programs\Python\Python312\Lib\site-packages\django\db\backends\base\client.py first seen with mtime 1734730641.7206368
File C:\Users\USER\AppData\Local\Programs\Python\Python312\Lib\site-packages\django\utils\ipv6.py first seen with mtime 1734730642.0549867
File C:\Users\USER\AppData\Local\Programs\Python\Python312\Lib\site-packages\django\forms\__init__.py first seen with mtime 1734730641.8532166
File C:\Users\USER\AppData\Local\Programs\Python\Python312\Lib\typing.py first seen with mtime 1707286218.0
File C:\Users\USER\AppData\Local\Programs\Python\Python312\Lib\ctypes\wintypes.py first seen with mtime 1707286218.0
File C:\Users\USER\AppData\Local\Programs\Python\Python312\Lib\site-packages\django\views\decorators\__init__.py first seen with mtime 1734730642.0883589
File C:\Users\USER\AppData\Local\Programs\Python\Python312\Lib\site-packages\django\template\__init__.py first seen with mtime 1734730641.9726565
File C:\Users\USER\AppData\Local\Programs\Python\Python312\Lib\site-packages\django\db\models\constants.py first seen with mtime 1734730641.8019238
File C:\Users\USER\AppData\Local\Programs\Python\Python312\Lib\site-packages\django\contrib\__init__.py first seen with mtime 1734730634.3538706
File C:\Users\USER\AppData\Local\Programs\Python\Python312\Lib\site-packages\django\views\decorators\common.py first seen with mtime 1734730642.0913527
File C:\Users\USER\AppData\Local\Programs\Python\Python312\Lib\site-packages\django\db\models\base.py first seen with mtime 1734730641.8009257
File C:\Users\USER\AppData\Local\Programs\Python\Python312\Lib\wsgiref\simple_server.py first seen with mtime 1707286218.0
File C:\Users\USER\AppData\Local\Programs\Python\Python312\Lib\site-packages\django\contrib\auth\validators.py first seen with mtime 1734730635.4881327
File C:\Users\USER\AppData\Local\Programs\Python\Python312\Lib\site-packages\django\db\models\functions\datetime.py first seen with mtime 1734730641.8352685
File C:\Users\USER\AppData\Local\Programs\Python\Python312\Lib\site-packages\django\template\base.py first seen with mtime 1734730641.9746506
File C:\Users\USER\Desktop\PORTPROJECT\myproject\myapp\views.py first seen with mtime 1735735510.9928758
File C:\Users\USER\AppData\Local\Programs\Python\Python312\Lib\site-packages\django\core\signing.py first seen with mtime 1734730641.5979204
File C:\Users\USER\AppData\Local\Programs\Python\Python312\Lib\site-packages\django\urls\base.py first seen with mtime 1734730642.0226738
File C:\Users\USER\AppData\Local\Programs\Python\Python312\Lib\site-packages\django\http\multipartparser.py first seen with mtime 1734730641.9589393
File C:\Users\USER\Desktop\PORTPROJECT\myproject\myapp\__init__.py first seen with mtime 1735662051.8514366
File C:\Users\USER\AppData\Local\Programs\Python\Python312\Lib\site-packages\django\utils\_os.py first seen with mtime 1734730642.0303311
File C:\Users\USER\AppData\Local\Programs\Python\Python312\Lib\site-packages\django\utils\http.py first seen with mtime 1734730642.0529914
File C:\Users\USER\AppData\Local\Programs\Python\Python312\Lib\asyncio\subprocess.py first seen with mtime 1707286218.0
File C:\Users\USER\AppData\Local\Programs\Python\Python312\Lib\site-packages\django\views\generic\base.py first seen with mtime 1734730642.1010418
File C:\Users\USER\AppData\Local\Programs\Python\Python312\Lib\site-packages\django\contrib\auth\hashers.py first seen with mtime 1734730635.4801521
File C:\Users\USER\AppData\Local\Programs\Python\Python312\DLLs\_asyncio.pyd first seen with mtime 1707286252.0
File C:\Users\USER\AppData\Local\Programs\Python\Python312\Lib\site-packages\sqlparse\keywords.py first seen with mtime 1734730632.5836048
File C:\Users\USER\AppData\Local\Programs\Python\Python312\Lib\calendar.py first seen with mtime 1707286218.0
File C:\Users\USER\AppData\Local\Programs\Python\Python312\Lib\site-packages\django\db\models\fields\proxy.py first seen with mtime 1734730641.8266017
File C:\Users\USER\AppData\Local\Programs\Python\Python312\Lib\site-packages\django\db\models\sql\__init__.py first seen with mtime 1734730641.8412516
File C:\Users\USER\AppData\Local\Programs\Python\Python312\Lib\site-packages\django\db\models\fields\generated.py first seen with mtime 1734730641.8226123
File C:\Users\USER\AppData\Local\Programs\Python\Python312\Lib\site-packages\django\forms\formsets.py first seen with mtime 1734730641.8582034
File C:\Users\USER\AppData\Local\Programs\Python\Python312\Lib\site-packages\django\http\request.py first seen with mtime 1734730641.9613042
File C:\Users\USER\AppData\Local\Programs\Python\Python312\Lib\email\_policybase.py first seen with mtime 1707286218.0
File C:\Users\USER\Desktop\PORTPROJECT\myproject\myproject\settings.py first seen with mtime 1735809643.8451984
File C:\Users\USER\AppData\Local\Programs\Python\Python312\Lib\site-packages\django\db\models\fields\related_descriptors.py first seen with mtime 1734730641.8292847
File C:\Users\USER\AppData\Local\Programs\Python\Python312\Lib\reprlib.py first seen with mtime 1707286218.0
File C:\Users\USER\AppData\Local\Programs\Python\Python312\Lib\site-packages\django\db\models\fields\mixins.py first seen with mtime 1734730641.824607
File C:\Users\USER\AppData\Local\Programs\Python\Python312\Lib\email\_header_value_parser.py first seen with mtime 1707286218.0
File C:\Users\USER\AppData\Local\Programs\Python\Python312\Lib\site-packages\django\db\models\query.py first seen with mtime 1734730641.8156302
File C:\Users\USER\AppData\Local\Programs\Python\Python312\Lib\asyncio\threads.py first seen with mtime 1707286218.0
File C:\Users\USER\AppData\Local\Programs\Python\Python312\Lib\site-packages\django\utils\dateformat.py first seen with mtime 1734730642.0393064
File C:\Users\USER\AppData\Local\Programs\Python\Python312\Lib\site-packages\sqlparse\engine\grouping.py first seen with mtime 1734730632.5895894
File C:\Users\USER\AppData\Local\Programs\Python\Python312\Lib\site-packages\PIL\ExifTags.py first seen with mtime 1735389159.521542
File C:\Users\USER\AppData\Local\Programs\Python\Python312\Lib\site-packages\django\core\checks\compatibility\__init__.py first seen with mtime 1734730641.622709
File C:\Users\USER\AppData\Local\Programs\Python\Python312\Lib\site-packages\asgiref\__init__.py first seen with mtime 1734730633.4026284
File C:\Users\USER\AppData\Local\Programs\Python\Python312\Lib\asyncio\sslproto.py first seen with mtime 1707286218.0
File C:\Users\USER\AppData\Local\Programs\Python\Python312\Lib\site-packages\django\contrib\messages\api.py first seen with mtime 1734730640.4136486
File C:\Users\USER\AppData\Local\Programs\Python\Python312\Lib\argparse.py first seen with mtime 1707286218.0
File C:\Users\USER\AppData\Local\Programs\Python\Python312\Lib\site-packages\django\core\files\images.py first seen with mtime 1734730641.631223
File C:\Users\USER\AppData\Local\Programs\Python\Python312\Lib\sqlite3\dbapi2.py first seen with mtime 1707286218.0
File C:\Users\USER\AppData\Local\Programs\Python\Python312\Lib\site-packages\django\db\models\expressions.py first seen with mtime 1734730641.807909
File C:\Users\USER\AppData\Local\Programs\Python\Python312\Lib\site-packages\django\contrib\admin\templatetags\admin_list.py first seen with mtime 1734730635.1497283
File C:\Users\USER\AppData\Local\Programs\Python\Python312\Lib\email\__init__.py first seen with mtime 1707286218.0
File C:\Users\USER\AppData\Local\Programs\Python\Python312\DLLs\_decimal.pyd first seen with mtime 1707286252.0
File C:\Users\USER\AppData\Local\Programs\Python\Python312\Lib\site-packages\django\core\checks\model_checks.py first seen with mtime 1734730641.6187193
File C:\Users\USER\AppData\Local\Programs\Python\Python312\Lib\site-packages\PIL\_imaging.cp312-win_amd64.pyd first seen with mtime 1735389159.7373538
File C:\Users\USER\AppData\Local\Programs\Python\Python312\Lib\site-packages\django\utils\termcolors.py first seen with mtime 1734730642.065722
File C:\Users\USER\AppData\Local\Programs\Python\Python312\Lib\multiprocessing\__init__.py first seen with mtime 1707286218.0
File C:\Users\USER\AppData\Local\Programs\Python\Python312\Lib\re\_constants.py first seen with mtime 1707286218.0
File C:\Users\USER\AppData\Local\Programs\Python\Python312\Lib\html\parser.py first seen with mtime 1707286218.0
File C:\Users\USER\AppData\Local\Programs\Python\Python312\Lib\site-packages\django\templatetags\static.py first seen with mtime 1734730642.0069983
File C:\Users\USER\AppData\Local\Programs\Python\Python312\Lib\asyncio\queues.py first seen with mtime 1707286218.0
File C:\Users\USER\AppData\Local\Programs\Python\Python312\Lib\site-packages\django\middleware\security.py first seen with mtime 1734730641.9716594
File C:\Users\USER\AppData\Local\Programs\Python\Python312\Lib\site-packages\django\core\servers\basehttp.py first seen with mtime 1734730641.7098734
File C:\Users\USER\AppData\Local\Programs\Python\Python312\Lib\site-packages\django\contrib\staticfiles\checks.py first seen with mtime 1734730641.5715554
File C:\Users\USER\AppData\Local\Programs\Python\Python312\Lib\multiprocessing\reduction.py first seen with mtime 1707286218.0
File C:\Users\USER\AppData\Local\Programs\Python\Python312\Lib\site-packages\django\apps\__init__.py first seen with mtime 1734730633.8367372
File C:\Users\USER\AppData\Local\Programs\Python\Python312\Lib\site-packages\django\contrib\staticfiles\utils.py first seen with mtime 1734730641.578253
File C:\Users\USER\AppData\Local\Programs\Python\Python312\Lib\concurrent\__init__.py first seen with mtime 1707286218.0
File C:\Users\USER\AppData\Local\Programs\Python\Python312\Lib\site-packages\django\db\backends\base\operations.py first seen with mtime 1734730641.7256248
File C:\Users\USER\AppData\Local\Programs\Python\Python312\Lib\site-packages\django\core\cache\__init__.py first seen with mtime 1734730641.6019094
File C:\Users\USER\AppData\Local\Programs\Python\Python312\Lib\site-packages\django\template\backends\base.py first seen with mtime 1734730641.9903321
File C:\Users\USER\AppData\Local\Programs\Python\Python312\Lib\site-packages\django\contrib\sessions\models.py first seen with mtime 1734730640.9831364
File C:\Users\USER\AppData\Local\Programs\Python\Python312\Lib\site-packages\django\contrib\auth\checks.py first seen with mtime 1734730635.473385
File C:\Users\USER\AppData\Local\Programs\Python\Python312\Lib\site-packages\django\core\checks\async_checks.py first seen with mtime 1734730641.6137323
File C:\Users\USER\AppData\Local\Programs\Python\Python312\Lib\site-packages\django\contrib\auth\models.py first seen with mtime 1734730635.4831448
File C:\Users\USER\AppData\Local\Programs\Python\Python312\Lib\site-packages\django\templatetags\tz.py first seen with mtime 1734730642.0079956
File C:\Users\USER\AppData\Local\Programs\Python\Python312\Lib\json\scanner.py first seen with mtime 1707286218.0
File C:\Users\USER\AppData\Local\Programs\Python\Python312\Lib\email\utils.py first seen with mtime 1707286218.0
File C:\Users\USER\AppData\Local\Programs\Python\Python312\Lib\site-packages\django\db\__init__.py first seen with mtime 1734730641.7116601
File C:\Users\USER\AppData\Local\Programs\Python\Python312\Lib\site-packages\django\db\models\functions\math.py first seen with mtime 1734730641.8362653
File C:\Users\USER\AppData\Local\Programs\Python\Python312\Lib\site-packages\django\utils\numberformat.py first seen with mtime 1734730642.0627322
File C:\Users\USER\AppData\Local\Programs\Python\Python312\Lib\site-packages\sqlparse\engine\__init__.py first seen with mtime 1734730632.5885918
File C:\Users\USER\AppData\Local\Programs\Python\Python312\Lib\site-packages\sqlparse\tokens.py first seen with mtime 1734730632.5865974
File C:\Users\USER\AppData\Local\Programs\Python\Python312\Lib\site-packages\django\contrib\admin\widgets.py first seen with mtime 1734730634.370175
File C:\Users\USER\AppData\Local\Programs\Python\Python312\Lib\site-packages\django\contrib\admin\templatetags\admin_modify.py first seen with mtime 1734730635.1507232
File C:\Users\USER\AppData\Local\Programs\Python\Python312\Lib\site-packages\django\contrib\auth\__init__.py first seen with mtime 1734730635.4664037
File C:\Users\USER\AppData\Local\Programs\Python\Python312\Lib\site-packages\django\contrib\messages\utils.py first seen with mtime 1734730640.4206293
File C:\Users\USER\AppData\Local\Programs\Python\Python312\Lib\site-packages\django\core\cache\backends\base.py first seen with mtime 1734730641.6049027
File C:\Users\USER\AppData\Local\Programs\Python\Python312\Lib\site-packages\PIL\__init__.py first seen with mtime 1735389159.7054377
File C:\Users\USER\AppData\Local\Programs\Python\Python312\Lib\re\_parser.py first seen with mtime 1707286218.0
File C:\Users\USER\AppData\Local\Programs\Python\Python312\Lib\site-packages\django\conf\global_settings.py first seen with mtime 1734730633.8417487
File C:\Users\USER\AppData\Local\Programs\Python\Python312\Lib\bz2.py first seen with mtime 1707286218.0
File C:\Users\USER\AppData\Local\Programs\Python\Python312\Lib\site-packages\django\core\files\uploadedfile.py first seen with mtime 1734730641.6352117
File C:\Users\USER\AppData\Local\Programs\Python\Python312\Lib\site-packages\django\db\backends\base\base.py first seen with mtime 1734730641.7196395
File C:\Users\USER\AppData\Local\Programs\Python\Python312\Lib\site-packages\django\core\serializers\python.py first seen with mtime 1734730641.704887
File C:\Users\USER\AppData\Local\Programs\Python\Python312\Lib\copyreg.py first seen with mtime 1707286218.0
File C:\Users\USER\AppData\Local\Programs\Python\Python312\Lib\urllib\__init__.py first seen with mtime 1707286218.0
File C:\Users\USER\AppData\Local\Programs\Python\Python312\Lib\site-packages\django\contrib\auth\apps.py first seen with mtime 1734730635.4693966
File C:\Users\USER\AppData\Local\Programs\Python\Python312\Lib\site-packages\django\utils\inspect.py first seen with mtime 1734730642.053989
File C:\Users\USER\AppData\Local\Programs\Python\Python312\Lib\site-packages\django\views\generic\edit.py first seen with mtime 1734730642.1040337
File C:\Users\USER\AppData\Local\Programs\Python\Python312\Lib\dataclasses.py first seen with mtime 1707286218.0
File C:\Users\USER\AppData\Local\Programs\Python\Python312\Lib\site-packages\django\core\checks\messages.py first seen with mtime 1734730641.617722
File C:\Users\USER\AppData\Local\Programs\Python\Python312\Lib\gzip.py first seen with mtime 1707286218.0
File C:\Users\USER\AppData\Local\Programs\Python\Python312\Lib\site-packages\sqlparse\utils.py first seen with mtime 1734730632.5865974
File C:\Users\USER\AppData\Local\Programs\Python\Python312\Lib\nturl2path.py first seen with mtime 1707286218.0
File C:\Users\USER\AppData\Local\Programs\Python\Python312\Lib\site-packages\django\contrib\admin\templatetags\__init__.py first seen with mtime 1734730635.1477325
File C:\Users\USER\AppData\Local\Programs\Python\Python312\Lib\site-packages\django\contrib\staticfiles\__init__.py first seen with mtime 1734730641.568562
File C:\Users\USER\AppData\Local\Programs\Python\Python312\Lib\html\entities.py first seen with mtime 1707286218.0
File C:\Users\USER\AppData\Local\Programs\Python\Python312\Lib\site-packages\django\utils\autoreload.py first seen with mtime 1734730642.0333235
File C:\Users\USER\AppData\Local\Programs\Python\Python312\Lib\site-packages\sqlparse\__init__.py first seen with mtime 1734730632.5776503
File C:\Users\USER\AppData\Local\Programs\Python\Python312\Lib\site-packages\django\views\static.py first seen with mtime 1734730642.0873616
File C:\Users\USER\AppData\Local\Programs\Python\Python312\Lib\random.py first seen with mtime 1707286218.0
File C:\Users\USER\AppData\Local\Programs\Python\Python312\Lib\statistics.py first seen with mtime 1707286218.0
File C:\Users\USER\AppData\Local\Programs\Python\Python312\Lib\site-packages\django\core\cache\backends\filebased.py first seen with mtime 1734730641.6068976
File C:\Users\USER\AppData\Local\Programs\Python\Python312\Lib\heapq.py first seen with mtime 1707286218.0
File C:\Users\USER\AppData\Local\Programs\Python\Python312\Lib\site-packages\django\utils\log.py first seen with mtime 1734730642.0579782
File C:\Users\USER\AppData\Local\Programs\Python\Python312\Lib\fnmatch.py first seen with mtime 1707286218.0
File C:\Users\USER\AppData\Local\Programs\Python\Python312\Lib\site-packages\django\contrib\auth\admin.py first seen with mtime 1734730635.468399
File C:\Users\USER\AppData\Local\Programs\Python\Python312\Lib\site-packages\django\core\validators.py first seen with mtime 1734730641.5989187
File C:\Users\USER\AppData\Local\Programs\Python\Python312\Lib\site-packages\django\db\models\fields\reverse_related.py first seen with mtime 1734730641.8312788
File C:\Users\USER\AppData\Local\Programs\Python\Python312\DLLs\_ssl.pyd first seen with mtime 1707286252.0
File C:\Users\USER\AppData\Local\Programs\Python\Python312\Lib\site-packages\django\core\signals.py first seen with mtime 1734730641.5959253
File C:\Users\USER\Desktop\PORTPROJECT\myproject\myproject\__init__.py first seen with mtime 1735661999.0327742
File C:\Users\USER\AppData\Local\Programs\Python\Python312\Lib\site-packages\sqlparse\filters\tokens.py first seen with mtime 1734730632.600241
File C:\Users\USER\AppData\Local\Programs\Python\Python312\Lib\multiprocessing\process.py first seen with mtime 1707286218.0
File C:\Users\USER\Desktop\PORTPROJECT\myproject\myapp\templates\index.html first seen with mtime 1735747458.0383494
File C:\Users\USER\AppData\Local\Programs\Python\Python312\Lib\site-packages\django\contrib\sessions\exceptions.py first seen with mtime 1734730640.9791455
File C:\Users\USER\AppData\Local\Programs\Python\Python312\Lib\site-packages\django\contrib\auth\migrations\0007_alter_validators_add_error_messages.py first seen with mtime 1734730635.801125
File C:\Users\USER\AppData\Local\Programs\Python\Python312\Lib\site-packages\django\views\csrf.py first seen with mtime 1734730642.0823748
File C:\Users\USER\AppData\Local\Programs\Python\Python312\Lib\site-packages\django\contrib\sessions\backends\base.py first seen with mtime 1734730640.9861279
File C:\Users\USER\AppData\Local\Programs\Python\Python312\Lib\site-packages\django\middleware\common.py first seen with mtime 1734730641.9666722
File C:\Users\USER\AppData\Local\Programs\Python\Python312\Lib\stringprep.py first seen with mtime 1707286218.0
File C:\Users\USER\Desktop\PORTPROJECT\myproject\myapp\migrations\__init__.py first seen with mtime 1735662051.8559246
File C:\Users\USER\AppData\Local\Programs\Python\Python312\Lib\site-packages\django\contrib\messages\middleware.py first seen with mtime 1734730640.4186354
File C:\Users\USER\AppData\Local\Programs\Python\Python312\Lib\site-packages\django\contrib\auth\migrations\0001_initial.py first seen with mtime 1734730635.795142
File C:\Users\USER\AppData\Local\Programs\Python\Python312\Lib\site-packages\django\db\migrations\loader.py first seen with mtime 1734730641.7813551
File C:\Users\USER\Desktop\PORTPROJECT\myproject\myapp\migrations\0005_alter_aboutme_cv_link_alter_aboutme_profile_image_and_more.py first seen with mtime 1735754092.3003652
File C:\Users\USER\AppData\Local\Programs\Python\Python312\Lib\site-packages\django\contrib\contenttypes\migrations\0002_remove_content_type_name.py first seen with mtime 1734730636.1902387
File C:\Users\USER\AppData\Local\Programs\Python\Python312\Lib\site-packages\django\contrib\admin\migrations\0003_logentry_add_action_flag_choices.py first seen with mtime 1734730634.9300141
File C:\Users\USER\AppData\Local\Programs\Python\Python312\Lib\site-packages\django\contrib\auth\migrations\0004_alter_user_username_opts.py first seen with mtime 1734730635.79913
File C:\Users\USER\AppData\Local\Programs\Python\Python312\Lib\site-packages\django\contrib\auth\migrations\0012_alter_user_first_name_max_length.py first seen with mtime 1734730635.8061113
File C:\Users\USER\AppData\Local\Programs\Python\Python312\Lib\site-packages\django\contrib\auth\migrations\0011_update_proxy_permissions.py first seen with mtime 1734730635.805114
File C:\Users\USER\AppData\Local\Programs\Python\Python312\Lib\site-packages\django\contrib\auth\migrations\0002_alter_permission_name_max_length.py first seen with mtime 1734730635.7961397
File C:\Users\USER\Desktop\PORTPROJECT\myproject\myapp\migrations\0002_alter_aboutme_profile_image.py first seen with mtime 1735672021.0608368
File C:\Users\USER\AppData\Local\Programs\Python\Python312\Lib\site-packages\django\db\models\sql\compiler.py first seen with mtime 1734730641.8422492
File C:\Users\USER\AppData\Local\Programs\Python\Python312\Lib\site-packages\django\contrib\auth\migrations\0006_require_contenttypes_0002.py first seen with mtime 1734730635.8001275
File C:\Users\USER\AppData\Local\Programs\Python\Python312\Lib\site-packages\django\contrib\auth\migrations\__init__.py first seen with mtime 1734730635.8061113
File C:\Users\USER\AppData\Local\Programs\Python\Python312\Lib\site-packages\django\db\migrations\recorder.py first seen with mtime 1734730641.785344
File C:\Users\USER\Desktop\PORTPROJECT\myproject\myapp\migrations\0001_initial.py first seen with mtime 1735667515.4747443
File C:\Users\USER\AppData\Local\Programs\Python\Python312\Lib\site-packages\django\contrib\contenttypes\migrations\__init__.py first seen with mtime 1734730636.1902387
File C:\Users\USER\AppData\Local\Programs\Python\Python312\Lib\site-packages\django\contrib\auth\migrations\0005_alter_user_last_login_null.py first seen with mtime 1734730635.79913
File C:\Users\USER\Desktop\PORTPROJECT\myproject\myapp\migrations\0003_remove_aboutme_name_remove_blog_created_at_and_more.py first seen with mtime 1735736950.5202534
File C:\Users\USER\AppData\Local\Programs\Python\Python312\Lib\site-packages\django\contrib\sessions\backends\db.py first seen with mtime 1734730640.990116
File C:\Users\USER\AppData\Local\Programs\Python\Python312\Lib\encodings\idna.py first seen with mtime 1707286218.0
File C:\Users\USER\AppData\Local\Programs\Python\Python312\Lib\site-packages\django\contrib\admin\migrations\0001_initial.py first seen with mtime 1734730634.9280198
File C:\Users\USER\AppData\Local\Programs\Python\Python312\Lib\site-packages\django\contrib\contenttypes\migrations\0001_initial.py first seen with mtime 1734730636.1892426
File C:\Users\USER\AppData\Local\Programs\Python\Python312\Lib\site-packages\django\contrib\admin\migrations\__init__.py first seen with mtime 1734730634.931012
File C:\Users\USER\Desktop\PORTPROJECT\myproject\myproject\wsgi.py first seen with mtime 1735661999.030779
File C:\Users\USER\AppData\Local\Programs\Python\Python312\Lib\site-packages\django\contrib\auth\migrations\0010_alter_group_name_max_length.py first seen with mtime 1734730635.8041167
File C:\Users\USER\AppData\Local\Programs\Python\Python312\Lib\site-packages\django\contrib\auth\migrations\0009_alter_user_last_name_max_length.py first seen with mtime 1734730635.8031197
File C:\Users\USER\AppData\Local\Programs\Python\Python312\Lib\site-packages\django\contrib\sessions\migrations\__init__.py first seen with mtime 1734730641.278186
File C:\Users\USER\AppData\Local\Programs\Python\Python312\Lib\site-packages\django\middleware\clickjacking.py first seen with mtime 1734730641.965675
File C:\Users\USER\AppData\Local\Programs\Python\Python312\Lib\site-packages\django\db\migrations\executor.py first seen with mtime 1734730641.7793574
File C:\Users\USER\AppData\Local\Programs\Python\Python312\Lib\site-packages\django\db\migrations\graph.py first seen with mtime 1734730641.7803574
File C:\Users\USER\AppData\Local\Programs\Python\Python312\Lib\site-packages\django\contrib\auth\migrations\0008_alter_user_username_max_length.py first seen with mtime 1734730635.8021224
File C:\Users\USER\AppData\Local\Programs\Python\Python312\Lib\site-packages\django\contrib\admin\migrations\0002_logentry_remove_auto_add.py first seen with mtime 1734730634.9290168
File C:\Users\USER\AppData\Local\Programs\Python\Python312\Lib\site-packages\django\contrib\auth\migrations\0003_alter_user_email_max_length.py first seen with mtime 1734730635.798133
File C:\Users\USER\Desktop\PORTPROJECT\myproject\myapp\migrations\0004_alter_portfolio_project_link.py first seen with mtime 1735738235.477162
File C:\Users\USER\AppData\Local\Programs\Python\Python312\Lib\site-packages\django\contrib\sessions\migrations\0001_initial.py first seen with mtime 1734730641.2781355
